# JRE version: Java(TM) SE Runtime Environment (8.0-b132) (build 1.8.0-b132)
# Java VM: Java HotSpot(TM) 64-Bit Server VM (25.0-b70 mixed mode linux-amd64 compressed oops)
Heap:
 PSYoungGen      total 46080K, used 30062K [0x00000000f5f00000, 0x00000000f9b80000, 0x0000000100000000)
  eden space 41472K, 69% used [0x00000000f5f00000,0x00000000f7b17500,0x00000000f8780000)
  from space 4608K, 28% used [0x00000000f8780000,0x00000000f88c43e0,0x00000000f8c00000)
  to   space 4608K, 0% used [0x00000000f9700000,0x00000000f9700000,0x00000000f9b80000)
 ParOldGen       total 13824K, used 10026K [0x00000000e1c00000, 0x00000000e2980000, 0x00000000f5f00000)
  object space 13824K, 72% used [0x00000000e1c00000,0x00000000e25caac0,0x00000000e2980000)
 Metaspace       used 23336K, capacity 23820K, committed 23936K, reserved 1071104K
  class space    used 3031K, capacity 3119K, committed 3200K, reserved 1048576K
GC Heap History (10 events):
Event: 28,904 GC heap before
{Heap before GC invocations=15 (full 1):
 PSYoungGen      total 24576K, used 24276K [0x00000000f5f00000, 0x00000000f8580000, 0x0000000100000000)
  eden space 19968K, 99% used [0x00000000f5f00000,0x00000000f727fcb8,0x00000000f7280000)
  from space 4608K, 93% used [0x00000000f7280000,0x00000000f76b53f0,0x00000000f7700000)
  to   space 5120K, 0% used [0x00000000f8080000,0x00000000f8080000,0x00000000f8580000)
 ParOldGen       total 9728K, used 6416K [0x00000000e1c00000, 0x00000000e2580000, 0x00000000f5f00000)
  object space 9728K, 65% used [0x00000000e1c00000,0x00000000e22440c0,0x00000000e2580000)
 Metaspace       used 22779K, capacity 23204K, committed 23296K, reserved 1069056K
  class space    used 2989K, capacity 3069K, committed 3072K, reserved 1048576K
Event: 28,915 GC heap after
Heap after GC invocations=15 (full 1):
 PSYoungGen      total 33280K, used 1649K [0x00000000f5f00000, 0x00000000f8480000, 0x0000000100000000)
  eden space 29184K, 0% used [0x00000000f5f00000,0x00000000f5f00000,0x00000000f7b80000)
  from space 4096K, 40% used [0x00000000f8080000,0x00000000f821c688,0x00000000f8480000)
  to   space 4608K, 0% used [0x00000000f7b80000,0x00000000f7b80000,0x00000000f8000000)
 ParOldGen       total 9728K, used 9339K [0x00000000e1c00000, 0x00000000e2580000, 0x00000000f5f00000)
  object space 9728K, 96% used [0x00000000e1c00000,0x00000000e251ef10,0x00000000e2580000)
 Metaspace       used 22779K, capacity 23204K, committed 23296K, reserved 1069056K
  class space    used 2989K, capacity 3069K, committed 3072K, reserved 1048576K
}
Event: 28,915 GC heap before
{Heap before GC invocations=16 (full 2):
 PSYoungGen      total 33280K, used 1649K [0x00000000f5f00000, 0x00000000f8480000, 0x0000000100000000)
  eden space 29184K, 0% used [0x00000000f5f00000,0x00000000f5f00000,0x00000000f7b80000)
  from space 4096K, 40% used [0x00000000f8080000,0x00000000f821c688,0x00000000f8480000)
  to   space 4608K, 0% used [0x00000000f7b80000,0x00000000f7b80000,0x00000000f8000000)
 ParOldGen       total 9728K, used 9339K [0x00000000e1c00000, 0x00000000e2580000, 0x00000000f5f00000)
  object space 9728K, 96% used [0x00000000e1c00000,0x00000000e251ef10,0x00000000e2580000)
 Metaspace       used 22779K, capacity 23204K, committed 23296K, reserved 1069056K
  class space    used 2989K, capacity 3069K, committed 3072K, reserved 1048576K
Event: 29,007 GC heap after
Heap after GC invocations=16 (full 2):
 PSYoungGen      total 33280K, used 0K [0x00000000f5f00000, 0x00000000f8480000, 0x0000000100000000)
  eden space 29184K, 0% used [0x00000000f5f00000,0x00000000f5f00000,0x00000000f7b80000)
  from space 4096K, 0% used [0x00000000f8080000,0x00000000f8080000,0x00000000f8480000)
  to   space 4608K, 0% used [0x00000000f7b80000,0x00000000f7b80000,0x00000000f8000000)
 ParOldGen       total 13824K, used 9254K [0x00000000e1c00000, 0x00000000e2980000, 0x00000000f5f00000)
  object space 13824K, 66% used [0x00000000e1c00000,0x00000000e2509ba0,0x00000000e2980000)
 Metaspace       used 22779K, capacity 23204K, committed 23296K, reserved 1069056K
  class space    used 2989K, capacity 3069K, committed 3072K, reserved 1048576K
}
Event: 29,579 GC heap before
{Heap before GC invocations=17 (full 2):
 PSYoungGen      total 33280K, used 29184K [0x00000000f5f00000, 0x00000000f8480000, 0x0000000100000000)
  eden space 29184K, 100% used [0x00000000f5f00000,0x00000000f7b80000,0x00000000f7b80000)
  from space 4096K, 0% used [0x00000000f8080000,0x00000000f8080000,0x00000000f8480000)
  to   space 4608K, 0% used [0x00000000f7b80000,0x00000000f7b80000,0x00000000f8000000)
 ParOldGen       total 13824K, used 9580K [0x00000000e1c00000, 0x00000000e2980000, 0x00000000f5f00000)
  object space 13824K, 69% used [0x00000000e1c00000,0x00000000e255b080,0x00000000e2980000)
 Metaspace       used 22990K, capacity 23450K, committed 23680K, reserved 1069056K
  class space    used 3012K, capacity 3110K, committed 3200K, reserved 1048576K
Event: 29,583 GC heap after
Heap after GC invocations=17 (full 2):
 PSYoungGen      total 33792K, used 672K [0x00000000f5f00000, 0x00000000f9100000, 0x0000000100000000)
  eden space 29184K, 0% used [0x00000000f5f00000,0x00000000f5f00000,0x00000000f7b80000)
  from space 4608K, 14% used [0x00000000f7b80000,0x00000000f7c28000,0x00000000f8000000)
  to   space 4608K, 0% used [0x00000000f8c80000,0x00000000f8c80000,0x00000000f9100000)
 ParOldGen       total 13824K, used 9588K [0x00000000e1c00000, 0x00000000e2980000, 0x00000000f5f00000)
  object space 13824K, 69% used [0x00000000e1c00000,0x00000000e255d080,0x00000000e2980000)
 Metaspace       used 22990K, capacity 23450K, committed 23680K, reserved 1069056K
  class space    used 3012K, capacity 3110K, committed 3200K, reserved 1048576K
}
Event: 30,042 GC heap before
{Heap before GC invocations=18 (full 2):
 PSYoungGen      total 33792K, used 29856K [0x00000000f5f00000, 0x00000000f9100000, 0x0000000100000000)
  eden space 29184K, 100% used [0x00000000f5f00000,0x00000000f7b80000,0x00000000f7b80000)
  from space 4608K, 14% used [0x00000000f7b80000,0x00000000f7c28000,0x00000000f8000000)
  to   space 4608K, 0% used [0x00000000f8c80000,0x00000000f8c80000,0x00000000f9100000)
 ParOldGen       total 13824K, used 9590K [0x00000000e1c00000, 0x00000000e2980000, 0x00000000f5f00000)
  object space 13824K, 69% used [0x00000000e1c00000,0x00000000e255d900,0x00000000e2980000)
 Metaspace       used 23061K, capacity 23578K, committed 23680K, reserved 1069056K
  class space    used 3012K, capacity 3110K, committed 3200K, reserved 1048576K
Event: 30,046 GC heap after
Heap after GC invocations=18 (full 2):
 PSYoungGen      total 45568K, used 928K [0x00000000f5f00000, 0x00000000f9080000, 0x0000000100000000)
  eden space 41472K, 0% used [0x00000000f5f00000,0x00000000f5f00000,0x00000000f8780000)
  from space 4096K, 22% used [0x00000000f8c80000,0x00000000f8d68000,0x00000000f9080000)
  to   space 4608K, 0% used [0x00000000f8780000,0x00000000f8780000,0x00000000f8c00000)
 ParOldGen       total 13824K, used 9871K [0x00000000e1c00000, 0x00000000e2980000, 0x00000000f5f00000)
  object space 13824K, 71% used [0x00000000e1c00000,0x00000000e25a3e30,0x00000000e2980000)
 Metaspace       used 23061K, capacity 23578K, committed 23680K, reserved 1069056K
  class space    used 3012K, capacity 3110K, committed 3200K, reserved 1048576K
}
Event: 30,779 GC heap before
{Heap before GC invocations=19 (full 2):
 PSYoungGen      total 45568K, used 42400K [0x00000000f5f00000, 0x00000000f9080000, 0x0000000100000000)
  eden space 41472K, 100% used [0x00000000f5f00000,0x00000000f8780000,0x00000000f8780000)
  from space 4096K, 22% used [0x00000000f8c80000,0x00000000f8d68000,0x00000000f9080000)
  to   space 4608K, 0% used [0x00000000f8780000,0x00000000f8780000,0x00000000f8c00000)
 ParOldGen       total 13824K, used 9871K [0x00000000e1c00000, 0x00000000e2980000, 0x00000000f5f00000)
  object space 13824K, 71% used [0x00000000e1c00000,0x00000000e25a3e30,0x00000000e2980000)
 Metaspace       used 23155K, capacity 23642K, committed 23936K, reserved 1071104K
  class space    used 3012K, capacity 3110K, committed 3200K, reserved 1048576K
Event: 30,785 GC heap after
Heap after GC invocations=19 (full 2):
 PSYoungGen      total 46080K, used 1296K [0x00000000f5f00000, 0x00000000f9b80000, 0x0000000100000000)
  eden space 41472K, 0% used [0x00000000f5f00000,0x00000000f5f00000,0x00000000f8780000)
  from space 4608K, 28% used [0x00000000f8780000,0x00000000f88c43e0,0x00000000f8c00000)
  to   space 4608K, 0% used [0x00000000f9700000,0x00000000f9700000,0x00000000f9b80000)
 ParOldGen       total 13824K, used 10026K [0x00000000e1c00000, 0x00000000e2980000, 0x00000000f5f00000)
  object space 13824K, 72% used [0x00000000e1c00000,0x00000000e25caac0,0x00000000e2980000)
 Metaspace       used 23155K, capacity 23642K, committed 23936K, reserved 1071104K
  class space    used 3012K, capacity 3110K, committed 3200K, reserved 1048576K
}

